Using pre-set license
Built from '2021.3/staging' branch; Version is '2021.3.15f1 (e8e88683f834) revision 15263878'; Using compiler version '192829333'; Build Type 'Release'
OS: 'Windows 10  (10.0.19045) 64bit Core' Language: 'en' Physical Memory: 15776 MB
BatchMode: 1, IsHumanControllingUs: 0, StartBugReporterOnCrash: 0, Is64bit: 1, IsPro: 1

COMMAND LINE ARGUMENTS:
C:\Program Files\Unity 2021.3.15f1\Editor\Unity.exe
-adb2
-batchMode
-noUpm
-name
AssetImportWorker0
-projectPath
C:/Users/liisa/Documents/Unityprojektit/Nukkumatti
-logFile
Logs/AssetImportWorker0.log
-srvPort
60705
Successfully changed project path to: C:/Users/liisa/Documents/Unityprojektit/Nukkumatti
C:/Users/liisa/Documents/Unityprojektit/Nukkumatti
[UnityMemory] Configuration Parameters - Can be set up in boot.config
    "memorysetup-bucket-allocator-granularity=16"
    "memorysetup-bucket-allocator-bucket-count=8"
    "memorysetup-bucket-allocator-block-size=33554432"
    "memorysetup-bucket-allocator-block-count=8"
    "memorysetup-main-allocator-block-size=16777216"
    "memorysetup-thread-allocator-block-size=16777216"
    "memorysetup-gfx-main-allocator-block-size=16777216"
    "memorysetup-gfx-thread-allocator-block-size=16777216"
    "memorysetup-cache-allocator-block-size=4194304"
    "memorysetup-typetree-allocator-block-size=2097152"
    "memorysetup-profiler-bucket-allocator-granularity=16"
    "memorysetup-profiler-bucket-allocator-bucket-count=8"
    "memorysetup-profiler-bucket-allocator-block-size=33554432"
    "memorysetup-profiler-bucket-allocator-block-count=8"
    "memorysetup-profiler-allocator-block-size=16777216"
    "memorysetup-profiler-editor-allocator-block-size=1048576"
    "memorysetup-temp-allocator-size-main=16777216"
    "memorysetup-job-temp-allocator-block-size=2097152"
    "memorysetup-job-temp-allocator-block-size-background=1048576"
    "memorysetup-job-temp-allocator-reduction-small-platforms=262144"
    "memorysetup-temp-allocator-size-background-worker=32768"
    "memorysetup-temp-allocator-size-job-worker=262144"
    "memorysetup-temp-allocator-size-preload-manager=33554432"
    "memorysetup-temp-allocator-size-nav-mesh-worker=65536"
    "memorysetup-temp-allocator-size-audio-worker=65536"
    "memorysetup-temp-allocator-size-cloud-worker=32768"
    "memorysetup-temp-allocator-size-gi-baking-worker=262144"
    "memorysetup-temp-allocator-size-gfx=262144"
Player connection [10344] Host "[IP] 192.168.1.43 [Port] 0 [Flags] 2 [Guid] 2636274390 [EditorId] 2636274390 [Version] 1048832 [Id] WindowsEditor(7,LAPTOP-R598NBMC) [Debug] 1 [PackageName] WindowsEditor [ProjectName] Editor" joined multi-casting on [225.0.0.222:54997]...

Player connection [10344] Host "[IP] 192.168.1.43 [Port] 0 [Flags] 2 [Guid] 2636274390 [EditorId] 2636274390 [Version] 1048832 [Id] WindowsEditor(7,LAPTOP-R598NBMC) [Debug] 1 [PackageName] WindowsEditor [ProjectName] Editor" joined alternative multi-casting on [225.0.0.222:34997]...

Refreshing native plugins compatible for Editor in 88.69 ms, found 4 plugins.
Preloading 0 native plugins for Editor in 0.00 ms.
Initialize engine version: 2021.3.15f1 (e8e88683f834)
[Subsystems] Discovering subsystems at path C:/Program Files/Unity 2021.3.15f1/Editor/Data/Resources/UnitySubsystems
[Subsystems] Discovering subsystems at path C:/Users/liisa/Documents/Unityprojektit/Nukkumatti/Assets
GfxDevice: creating device client; threaded=0; jobified=0
Direct3D:
    Version:  Direct3D 11.0 [level 11.1]
    Renderer: NVIDIA GeForce RTX 3050 Laptop GPU (ID=0x25a2)
    Vendor:   NVIDIA
    VRAM:     3991 MB
    Driver:   30.0.15.1278
Initialize mono
Mono path[0] = 'C:/Program Files/Unity 2021.3.15f1/Editor/Data/Managed'
Mono path[1] = 'C:/Program Files/Unity 2021.3.15f1/Editor/Data/MonoBleedingEdge/lib/mono/unityjit-win32'
Mono config path = 'C:/Program Files/Unity 2021.3.15f1/Editor/Data/MonoBleedingEdge/etc'
Using monoOptions --debugger-agent=transport=dt_socket,embedding=1,server=y,suspend=n,address=127.0.0.1:56840
Begin MonoManager ReloadAssembly
Registering precompiled unity dll's ...
Register platform support module: C:/Program Files/Unity 2021.3.15f1/Editor/Data/PlaybackEngines/WindowsStandaloneSupport/UnityEditor.WindowsStandalone.Extensions.dll
Registered in 0.005231 seconds.
Native extension for WindowsStandalone target not found
Refreshing native plugins compatible for Editor in 79.45 ms, found 4 plugins.
Preloading 0 native plugins for Editor in 0.00 ms.
Mono: successfully reloaded assembly
- Completed reload, in  0.619 seconds
Domain Reload Profiling:
	ReloadAssembly (620ms)
		BeginReloadAssembly (84ms)
			ExecutionOrderSort (0ms)
			DisableScriptedObjects (0ms)
			BackupInstance (0ms)
			ReleaseScriptingObjects (0ms)
			CreateAndSetChildDomain (1ms)
		EndReloadAssembly (426ms)
			LoadAssemblies (81ms)
			RebuildTransferFunctionScriptingTraits (0ms)
			SetupTypeCache (102ms)
			ReleaseScriptCaches (0ms)
			RebuildScriptCaches (24ms)
			SetupLoadedEditorAssemblies (249ms)
				LogAssemblyErrors (0ms)
				InitializePlatformSupportModulesInManaged (8ms)
				SetLoadedEditorAssemblies (0ms)
				RefreshPlugins (80ms)
				BeforeProcessingInitializeOnLoad (1ms)
				ProcessInitializeOnLoadAttributes (119ms)
				ProcessInitializeOnLoadMethodAttributes (41ms)
				AfterProcessingInitializeOnLoad (0ms)
				EditorAssembliesLoaded (0ms)
			ExecutionOrderSort2 (0ms)
			AwakeInstancesAfterBackupRestoration (0ms)
Platform modules already initialized, skipping
Registering precompiled user dll's ...
Registered in 0.008384 seconds.
Begin MonoManager ReloadAssembly
Symbol file LoadedFromMemory doesn't match image C:\Users\liisa\Documents\Unityprojektit\Nukkumatti\Library\PackageCache\com.unity.visualscripting@1.7.8\Editor\VisualScripting.Core\Dependencies\YamlDotNet\Unity.VisualScripting.YamlDotNet.dll
Symbol file LoadedFromMemory doesn't match image C:\Users\liisa\Documents\Unityprojektit\Nukkumatti\Library\PackageCache\com.unity.visualscripting@1.7.8\Editor\VisualScripting.Core\Dependencies\DotNetZip\Unity.VisualScripting.IonicZip.dll
Native extension for WindowsStandalone target not found
Refreshing native plugins compatible for Editor in 76.26 ms, found 4 plugins.
Preloading 0 native plugins for Editor in 0.00 ms.
Mono: successfully reloaded assembly
- Completed reload, in  1.081 seconds
Domain Reload Profiling:
	ReloadAssembly (1082ms)
		BeginReloadAssembly (106ms)
			ExecutionOrderSort (0ms)
			DisableScriptedObjects (5ms)
			BackupInstance (0ms)
			ReleaseScriptingObjects (0ms)
			CreateAndSetChildDomain (20ms)
		EndReloadAssembly (877ms)
			LoadAssemblies (90ms)
			RebuildTransferFunctionScriptingTraits (0ms)
			SetupTypeCache (255ms)
			ReleaseScriptCaches (1ms)
			RebuildScriptCaches (46ms)
			SetupLoadedEditorAssemblies (430ms)
				LogAssemblyErrors (0ms)
				InitializePlatformSupportModulesInManaged (4ms)
				SetLoadedEditorAssemblies (0ms)
				RefreshPlugins (76ms)
				BeforeProcessingInitializeOnLoad (91ms)
				ProcessInitializeOnLoadAttributes (211ms)
				ProcessInitializeOnLoadMethodAttributes (39ms)
				AfterProcessingInitializeOnLoad (10ms)
				EditorAssembliesLoaded (0ms)
			ExecutionOrderSort2 (0ms)
			AwakeInstancesAfterBackupRestoration (8ms)
Platform modules already initialized, skipping
========================================================================
Worker process is ready to serve import requests
Launched and connected shader compiler UnityShaderCompiler.exe after 0.05 seconds
Refreshing native plugins compatible for Editor in 0.73 ms, found 4 plugins.
Preloading 0 native plugins for Editor in 0.00 ms.
Unloading 4064 Unused Serialized files (Serialized files now loaded: 0)
Unloading 38 unused Assets / (56.7 KB). Loaded Objects now: 4520.
Memory consumption went from 153.1 MB to 153.0 MB.
Total: 3.426900 ms (FindLiveObjects: 0.293100 ms CreateObjectMapping: 0.117600 ms MarkObjects: 2.930200 ms  DeleteObjects: 0.085100 ms)

AssetImportParameters requested are different than current active one (requested -> active):
  custom:video-decoder-ogg-theora: a1e56fd34408186e4bbccfd4996cb3dc -> 
  custom:container-muxer-webm: aa71ff27fc2769a1b78a27578f13a17b -> 
  custom:container-demuxer-webm: 4f35f7cbe854078d1ac9338744f61a02 -> 
  custom:video-encoder-webm-vp8: eb34c28f22e8b96e1ab97ce403110664 -> 
  custom:video-codec-MediaFoundation-h265: 746d11721c4dcdbdad8f713fa42b33f4 -> 
  custom:audio-encoder-webm-vorbis: bf7c407c2cedff20999df2af8eb42d56 -> 
  custom:framework-win-MediaFoundation: 216162199b28c13a410421893ffa2e32 -> 
  custom:container-demuxer-ogg: 62fdf1f143b41e24485cea50d1cbac27 -> 
  custom:video-decoder-webm-vp8: 9c59270c3fd7afecdb556c50c9e8de78 -> 
  custom:audio-decoder-ogg-vorbis: bf7c407c2cedff20999df2af8eb42d56 -> 
========================================================================
Received Import Request.
  Time since last request: 80251.238668 seconds.
  path: Assets/Prefabs/Platforms/Platform_Wide.prefab
  artifactKey: Guid(f419f9bdbe7c9074e924cfb24553f119) Importer(815301076,1909f56bfc062723c751e8b465ee728b)
Start importing Assets/Prefabs/Platforms/Platform_Wide.prefab using Guid(f419f9bdbe7c9074e924cfb24553f119) Importer(815301076,1909f56bfc062723c751e8b465ee728b)  -> (artifact id: '0c8bc1c122b7ebff0678deb5d8cb4cd3') in 0.130346 seconds 
========================================================================
Received Import Request.
  Time since last request: 0.000023 seconds.
  path: Assets/Prefabs/Platforms/Platform_Wall.prefab
  artifactKey: Guid(d2a2b8249581a6344ae3defca1c1d1b4) Importer(815301076,1909f56bfc062723c751e8b465ee728b)
Start importing Assets/Prefabs/Platforms/Platform_Wall.prefab using Guid(d2a2b8249581a6344ae3defca1c1d1b4) Importer(815301076,1909f56bfc062723c751e8b465ee728b)  -> (artifact id: 'daeb9d806238074c84787bde3923cfcd') in 0.014322 seconds 
========================================================================
Received Import Request.
  Time since last request: 0.000017 seconds.
  path: Assets/Prefabs/Platforms/Platform_Angle.prefab
  artifactKey: Guid(b95f18ff6b0a32b41b49390d30d274a4) Importer(815301076,1909f56bfc062723c751e8b465ee728b)
Start importing Assets/Prefabs/Platforms/Platform_Angle.prefab using Guid(b95f18ff6b0a32b41b49390d30d274a4) Importer(815301076,1909f56bfc062723c751e8b465ee728b)  -> (artifact id: '78dd3aa6ca86b4cc100d82702e39a9f1') in 0.011671 seconds 
========================================================================
Received Import Request.
  Time since last request: 0.000023 seconds.
  path: Assets/Prefabs/Platforms/Platform_Short.prefab
  artifactKey: Guid(c7a213cf9893c0442b6cc93764ab0196) Importer(815301076,1909f56bfc062723c751e8b465ee728b)
Start importing Assets/Prefabs/Platforms/Platform_Short.prefab using Guid(c7a213cf9893c0442b6cc93764ab0196) Importer(815301076,1909f56bfc062723c751e8b465ee728b)  -> (artifact id: '70912915b3047d607105d69666bd6512') in 0.011512 seconds 
========================================================================
Received Import Request.
  Time since last request: 0.000016 seconds.
  path: Assets/Prefabs/Platforms/Platform_Square.prefab
  artifactKey: Guid(94e26f849c911d6449bd0f54d4d62fb3) Importer(815301076,1909f56bfc062723c751e8b465ee728b)
Start importing Assets/Prefabs/Platforms/Platform_Square.prefab using Guid(94e26f849c911d6449bd0f54d4d62fb3) Importer(815301076,1909f56bfc062723c751e8b465ee728b)  -> (artifact id: 'a01d5264f96cdf9cae291ab42a893153') in 0.013083 seconds 
========================================================================
Received Import Request.
  Time since last request: 316.925659 seconds.
  path: Assets/Graphics/character-map-icon.png
  artifactKey: Guid(bc31d9433083be24d93bd78c9cd4e3af) Importer(815301076,1909f56bfc062723c751e8b465ee728b)
Start importing Assets/Graphics/character-map-icon.png using Guid(bc31d9433083be24d93bd78c9cd4e3af) Importer(815301076,1909f56bfc062723c751e8b465ee728b)  -> (artifact id: '8d91b6bbc3c641bf9451e988527eb586') in 0.054728 seconds 
========================================================================
Received Import Request.
  Time since last request: 0.000016 seconds.
  path: Assets/Graphics/Icy-platforms.png
  artifactKey: Guid(e2c4877efd3130e489b031929a9776fb) Importer(815301076,1909f56bfc062723c751e8b465ee728b)
Start importing Assets/Graphics/Icy-platforms.png using Guid(e2c4877efd3130e489b031929a9776fb) Importer(815301076,1909f56bfc062723c751e8b465ee728b)  -> (artifact id: '720c61893deb04da2aa7e5af82b93879') in 0.128758 seconds 
========================================================================
Received Import Request.
  Time since last request: 0.000023 seconds.
  path: Assets/Graphics/icy-map.png
  artifactKey: Guid(a88362526fa670b4f9cd77b05ebb34d6) Importer(815301076,1909f56bfc062723c751e8b465ee728b)
Start importing Assets/Graphics/icy-map.png using Guid(a88362526fa670b4f9cd77b05ebb34d6) Importer(815301076,1909f56bfc062723c751e8b465ee728b)  -> (artifact id: '278cf575d1dc5cfe688340672e138451') in 0.168541 seconds 
========================================================================
Received Import Request.
  Time since last request: 0.000029 seconds.
  path: Assets/Graphics/UI-sprites.png
  artifactKey: Guid(9290b3b6ab77b6840b7b2b61478e879c) Importer(815301076,1909f56bfc062723c751e8b465ee728b)
Start importing Assets/Graphics/UI-sprites.png using Guid(9290b3b6ab77b6840b7b2b61478e879c) Importer(815301076,1909f56bfc062723c751e8b465ee728b)  -> (artifact id: 'ff125c460c567a22eb76e742d4928129') in 0.075403 seconds 
========================================================================
Received Import Request.
  Time since last request: 0.000020 seconds.
  path: Assets/Graphics/Level-clear-icon.png
  artifactKey: Guid(c0e928dc0f9120549852f672ca72a46c) Importer(815301076,1909f56bfc062723c751e8b465ee728b)
Start importing Assets/Graphics/Level-clear-icon.png using Guid(c0e928dc0f9120549852f672ca72a46c) Importer(815301076,1909f56bfc062723c751e8b465ee728b)  -> (artifact id: 'cebd6fe3e619ca70a5a1223d31563bb5') in 0.013767 seconds 
========================================================================
Received Import Request.
  Time since last request: 0.000015 seconds.
  path: Assets/Graphics/icyplaform-character-sprites.png
  artifactKey: Guid(879ee098afa09d349b898f1fabdbb1a9) Importer(815301076,1909f56bfc062723c751e8b465ee728b)
Start importing Assets/Graphics/icyplaform-character-sprites.png using Guid(879ee098afa09d349b898f1fabdbb1a9) Importer(815301076,1909f56bfc062723c751e8b465ee728b)  -> (artifact id: '8d99f4154ea1947ec1085ae2168aa7b6') in 0.054786 seconds 
========================================================================
Received Import Request.
  Time since last request: 1924.966377 seconds.
  path: Assets/Scenes/Background Test Scene.unity
  artifactKey: Guid(d7b8f1cb842238b4785c3298077bb7ac) Importer(815301076,1909f56bfc062723c751e8b465ee728b)
Start importing Assets/Scenes/Background Test Scene.unity using Guid(d7b8f1cb842238b4785c3298077bb7ac) Importer(815301076,1909f56bfc062723c751e8b465ee728b)  -> (artifact id: 'c9cc6cab6591553ef5bfc1e947f5e22e') in 0.001567 seconds 
========================================================================
Received Import Request.
  Time since last request: 219.936236 seconds.
  path: Assets/Prefabs/Platforms
  artifactKey: Guid(231b79d1e7ef89346bbbbd7ed9e63ec4) Importer(815301076,1909f56bfc062723c751e8b465ee728b)
Start importing Assets/Prefabs/Platforms using Guid(231b79d1e7ef89346bbbbd7ed9e63ec4) Importer(815301076,1909f56bfc062723c751e8b465ee728b)  -> (artifact id: '6572c086978b8420f68eba6eca074e3b') in 0.001757 seconds 
========================================================================
Received Import Request.
  Time since last request: 151.858236 seconds.
  path: Assets/Prefabs/Items/Item_Sheep.prefab
  artifactKey: Guid(c8efcaf4e7ba4244fad62d98203170fa) Importer(815301076,1909f56bfc062723c751e8b465ee728b)
Start importing Assets/Prefabs/Items/Item_Sheep.prefab using Guid(c8efcaf4e7ba4244fad62d98203170fa) Importer(815301076,1909f56bfc062723c751e8b465ee728b)  -> (artifact id: '324930c05beba1758360ba8c449bb169') in 0.042660 seconds 
========================================================================
Received Import Request.
  Time since last request: 92.305726 seconds.
  path: Assets/Prefabs/Items
  artifactKey: Guid(a4173166851032f4caf7b484b0e73475) Importer(815301076,1909f56bfc062723c751e8b465ee728b)
Start importing Assets/Prefabs/Items using Guid(a4173166851032f4caf7b484b0e73475) Importer(815301076,1909f56bfc062723c751e8b465ee728b)  -> (artifact id: '0d02c25fb51efea2624f0c1f56513257') in 0.001669 seconds 
========================================================================
Received Prepare
Registering precompiled user dll's ...
Registered in 0.007586 seconds.
Begin MonoManager ReloadAssembly
Symbol file LoadedFromMemory doesn't match image C:\Users\liisa\Documents\Unityprojektit\Nukkumatti\Library\PackageCache\com.unity.visualscripting@1.7.8\Editor\VisualScripting.Core\Dependencies\YamlDotNet\Unity.VisualScripting.YamlDotNet.dll
Symbol file LoadedFromMemory doesn't match image C:\Users\liisa\Documents\Unityprojektit\Nukkumatti\Library\PackageCache\com.unity.visualscripting@1.7.8\Editor\VisualScripting.Core\Dependencies\DotNetZip\Unity.VisualScripting.IonicZip.dll
Native extension for WindowsStandalone target not found
Refreshing native plugins compatible for Editor in 0.75 ms, found 4 plugins.
Preloading 0 native plugins for Editor in 0.00 ms.
Mono: successfully reloaded assembly
- Completed reload, in  0.897 seconds
Domain Reload Profiling:
	ReloadAssembly (897ms)
		BeginReloadAssembly (152ms)
			ExecutionOrderSort (0ms)
			DisableScriptedObjects (6ms)
			BackupInstance (0ms)
			ReleaseScriptingObjects (0ms)
			CreateAndSetChildDomain (43ms)
		EndReloadAssembly (652ms)
			LoadAssemblies (104ms)
			RebuildTransferFunctionScriptingTraits (0ms)
			SetupTypeCache (224ms)
			ReleaseScriptCaches (1ms)
			RebuildScriptCaches (33ms)
			SetupLoadedEditorAssemblies (279ms)
				LogAssemblyErrors (0ms)
				InitializePlatformSupportModulesInManaged (11ms)
				SetLoadedEditorAssemblies (0ms)
				RefreshPlugins (1ms)
				BeforeProcessingInitializeOnLoad (63ms)
				ProcessInitializeOnLoadAttributes (166ms)
				ProcessInitializeOnLoadMethodAttributes (30ms)
				AfterProcessingInitializeOnLoad (7ms)
				EditorAssembliesLoaded (0ms)
			ExecutionOrderSort2 (0ms)
			AwakeInstancesAfterBackupRestoration (9ms)
Platform modules already initialized, skipping
Refreshing native plugins compatible for Editor in 2.51 ms, found 4 plugins.
Preloading 0 native plugins for Editor in 0.00 ms.
Unloading 4040 Unused Serialized files (Serialized files now loaded: 0)
Unloading 25 unused Assets / (24.6 KB). Loaded Objects now: 4576.
Memory consumption went from 155.6 MB to 155.6 MB.
Total: 2.820900 ms (FindLiveObjects: 0.237000 ms CreateObjectMapping: 0.103400 ms MarkObjects: 2.450400 ms  DeleteObjects: 0.029000 ms)

AssetImportParameters requested are different than current active one (requested -> active):
  custom:video-decoder-ogg-theora: a1e56fd34408186e4bbccfd4996cb3dc -> 
  custom:container-muxer-webm: aa71ff27fc2769a1b78a27578f13a17b -> 
  custom:container-demuxer-webm: 4f35f7cbe854078d1ac9338744f61a02 -> 
  custom:video-encoder-webm-vp8: eb34c28f22e8b96e1ab97ce403110664 -> 
  custom:video-codec-MediaFoundation-h265: 746d11721c4dcdbdad8f713fa42b33f4 -> 
  custom:audio-encoder-webm-vorbis: bf7c407c2cedff20999df2af8eb42d56 -> 
  custom:framework-win-MediaFoundation: 216162199b28c13a410421893ffa2e32 -> 
  custom:container-demuxer-ogg: 62fdf1f143b41e24485cea50d1cbac27 -> 
  custom:video-decoder-webm-vp8: 9c59270c3fd7afecdb556c50c9e8de78 -> 
  custom:audio-decoder-ogg-vorbis: bf7c407c2cedff20999df2af8eb42d56 -> 
